-10.0 10.931677018633541 
-9.591836734693878 10.212787278483592 
-9.183673469387756 9.523851277506555 
-8.775510204081632 8.864869015702432 
-8.36734693877551 8.235840493071224 
-7.959183673469388 7.636765709612933 
-7.551020408163265 7.067644665327554 
-7.142857142857142 6.52847736021509 
-6.73469387755102 6.019263794275542 
-6.326530612244898 5.540003967508909 
-5.918367346938775 5.090697879915188 
-5.5102040816326525 4.671345531494383 
-5.1020408163265305 4.281946922246493 
-4.6938775510204085 3.922502052171518 
-4.285714285714286 3.5930109212694568 
-3.8775510204081627 3.29347352954031 
-3.4693877551020407 3.0238898769840787 
-3.0612244897959187 2.7842599636007614 
-2.6530612244897958 2.574583789390359 
-2.244897959183673 2.3948613543528707 
-1.8367346938775508 2.245092658488298 
-1.4285714285714288 2.1252777017966396 
-1.020408163265305 2.0354164842778952 
-0.612244897959183 1.9755090059320661 
-0.204081632653061 1.9455552667591516 
0.204081632653061 1.9455552667591516 
0.612244897959183 1.9755090059320661 
1.0204081632653068 2.0354164842778957 
1.4285714285714288 2.1252777017966396 
1.8367346938775508 2.245092658488298 
2.2448979591836746 2.3948613543528716 
2.6530612244897966 2.5745837893903594 
3.0612244897959187 2.7842599636007614 
3.4693877551020407 3.0238898769840787 
3.8775510204081627 3.29347352954031 
4.2857142857142865 3.5930109212694568 
4.6938775510204085 3.922502052171518 
5.1020408163265305 4.281946922246493 
5.510204081632654 4.671345531494384 
5.918367346938776 5.090697879915189 
6.326530612244898 5.540003967508909 
6.73469387755102 6.019263794275542 
7.142857142857142 6.52847736021509 
7.551020408163264 7.067644665327553 
7.95918367346939 7.636765709612936 
8.367346938775512 8.235840493071228 
8.775510204081634 8.864869015702434 
9.183673469387756 9.523851277506555 
9.591836734693878 10.212787278483592 
10.0 10.931677018633541 
