-10.0 -9.999999999999993 
-9.591836734693878 -9.591836734693876 
-9.183673469387756 -9.183673469387754 
-8.775510204081632 -8.775510204081632 
-8.36734693877551 -8.367346938775512 
-7.959183673469388 -7.959183673469392 
-7.551020408163265 -7.55102040816327 
-7.142857142857142 -7.142857142857147 
-6.73469387755102 -6.734693877551026 
-6.326530612244898 -6.326530612244903 
-5.918367346938775 -5.91836734693878 
-5.5102040816326525 -5.510204081632656 
-5.1020408163265305 -5.102040816326535 
-4.6938775510204085 -4.693877551020411 
-4.285714285714286 -4.285714285714287 
-3.8775510204081627 -3.8775510204081636 
-3.4693877551020407 -3.4693877551020407 
-3.0612244897959187 -3.0612244897959178 
-2.6530612244897958 -2.6530612244897944 
-2.244897959183673 -2.2448979591836706 
-1.8367346938775508 -1.8367346938775482 
-1.4285714285714288 -1.4285714285714253 
-1.020408163265305 -1.020408163265301 
-0.612244897959183 -0.6122448979591784 
-0.204081632653061 -0.20408163265305593 
0.204081632653061 0.20408163265306636 
0.612244897959183 0.6122448979591886 
1.0204081632653068 1.0204081632653121 
1.4285714285714288 1.4285714285714342 
1.8367346938775508 1.8367346938775562 
2.2448979591836746 2.2448979591836795 
2.6530612244897966 2.6530612244898015 
3.0612244897959187 3.061224489795923 
3.4693877551020407 3.4693877551020442 
3.8775510204081627 3.8775510204081662 
4.2857142857142865 4.285714285714288 
4.6938775510204085 4.693877551020411 
5.1020408163265305 5.102040816326531 
5.510204081632654 5.510204081632654 
5.918367346938776 5.918367346938775 
6.326530612244898 6.326530612244897 
6.73469387755102 6.734693877551019 
7.142857142857142 7.14285714285714 
7.551020408163264 7.5510204081632635 
7.95918367346939 7.959183673469388 
8.367346938775512 8.36734693877551 
8.775510204081634 8.775510204081634 
9.183673469387756 9.183673469387754 
9.591836734693878 9.59183673469388 
10.0 10.000000000000004 
