-10.0 0.055104299448315075 
-9.591836734693878 0.0011951947474024838 
-9.183673469387756 -0.03851393079024357 
-8.775510204081632 -0.06554908990514208 
-8.36734693877551 -0.08136994695778826 
-7.959183673469388 -0.087369817928656 
-7.551020408163265 -0.08487567041819594 
-7.142857142857142 -0.0751481236468367 
-6.73469387755102 -0.05938144845498397 
-6.326530612244898 -0.03870356730302105 
-5.918367346938775 -0.0141760542713084 
-5.5102040816326525 0.013205864939815473 
-5.1020408163265305 0.04251331301003509 
-4.6938775510204085 0.07288376099905731 
-4.285714285714286 0.10352102834661171 
-3.8775510204081627 0.13369528287245022 
-3.4693877551020407 0.16274304077634733 
-3.0612244897959187 0.19006716663810022 
-2.6530612244897958 0.21513687341752866 
-2.244897959183673 0.2374877224544746 
-1.8367346938775508 0.25672162346880284 
-1.4285714285714288 0.27250683456040076 
-1.020408163265305 0.28457796220917814 
-0.612244897959183 0.2927359612750673 
-0.204081632653061 0.2968481349980231 
0.204081632653061 0.2968481349980231 
0.612244897959183 0.2927359612750673 
1.0204081632653068 0.2845779622091781 
1.4285714285714288 0.27250683456040076 
1.8367346938775508 0.25672162346880295 
2.2448979591836746 0.23748772245447464 
2.6530612244897966 0.2151368734175287 
3.0612244897959187 0.19006716663810033 
3.4693877551020407 0.16274304077634744 
3.8775510204081627 0.1336952828724503 
4.2857142857142865 0.10352102834661174 
4.6938775510204085 0.07288376099905738 
5.1020408163265305 0.04251331301003513 
5.510204081632654 0.013205864939815501 
5.918367346938776 -0.014176054271308386 
6.326530612244898 -0.038703567303020936 
6.73469387755102 -0.05938144845498386 
7.142857142857142 -0.0751481236468367 
7.551020408163264 -0.08487567041819588 
7.95918367346939 -0.08736981792865595 
8.367346938775512 -0.08136994695778826 
8.775510204081634 -0.06554908990514208 
9.183673469387756 -0.03851393079024379 
9.591836734693878 0.0011951947474022617 
10.0 0.05510429944831485 
